c:\users\user\source\repos\meshtexture\meshtexture\debug\vc142.pdb
c:\users\user\source\repos\meshtexture\meshtexture\debug\vc142.idb
c:\users\user\source\repos\meshtexture\meshtexture\debug\vector3d.obj
c:\users\user\source\repos\meshtexture\meshtexture\debug\texturedsquare.obj
c:\users\user\source\repos\meshtexture\meshtexture\debug\point3d.obj
c:\users\user\source\repos\meshtexture\meshtexture\debug\texture.obj
c:\users\user\source\repos\meshtexture\meshtexture\debug\main.obj
c:\users\user\source\repos\meshtexture\meshtexture\debug\mesh.obj
c:\users\user\source\repos\meshtexture\meshtexture\debug\camera.obj
c:\users\user\source\repos\meshtexture\meshtexture\debug\bg.obj
c:\users\user\source\repos\meshtexture\meshtexture\debug\njir.obj
c:\users\user\source\repos\meshtexture\meshtexture\debug\3d.obj
c:\users\user\source\repos\meshtexture\meshtexture\debug\latestbg.obj
c:\users\user\source\repos\meshtexture\meshtexture\debug\opengll.obj
c:\users\user\source\repos\meshtexture\debug\meshtexture.exe
c:\users\user\source\repos\meshtexture\debug\meshtexture.ilk
c:\users\user\source\repos\meshtexture\debug\meshtexture.pdb
c:\users\user\source\repos\meshtexture\meshtexture\debug\meshtexture.tlog\cl.command.1.tlog
c:\users\user\source\repos\meshtexture\meshtexture\debug\meshtexture.tlog\cl.read.1.tlog
c:\users\user\source\repos\meshtexture\meshtexture\debug\meshtexture.tlog\cl.write.1.tlog
c:\users\user\source\repos\meshtexture\meshtexture\debug\meshtexture.tlog\link-cvtres.read.1.tlog
c:\users\user\source\repos\meshtexture\meshtexture\debug\meshtexture.tlog\link-cvtres.write.1.tlog
c:\users\user\source\repos\meshtexture\meshtexture\debug\meshtexture.tlog\link-rc.read.1.tlog
c:\users\user\source\repos\meshtexture\meshtexture\debug\meshtexture.tlog\link-rc.write.1.tlog
c:\users\user\source\repos\meshtexture\meshtexture\debug\meshtexture.tlog\link.14964-cvtres.read.1.tlog
c:\users\user\source\repos\meshtexture\meshtexture\debug\meshtexture.tlog\link.14964-cvtres.write.1.tlog
c:\users\user\source\repos\meshtexture\meshtexture\debug\meshtexture.tlog\link.14964-rc.read.1.tlog
c:\users\user\source\repos\meshtexture\meshtexture\debug\meshtexture.tlog\link.14964-rc.write.1.tlog
c:\users\user\source\repos\meshtexture\meshtexture\debug\meshtexture.tlog\link.14964.read.1.tlog
c:\users\user\source\repos\meshtexture\meshtexture\debug\meshtexture.tlog\link.14964.write.1.tlog
c:\users\user\source\repos\meshtexture\meshtexture\debug\meshtexture.tlog\link.command.1.tlog
c:\users\user\source\repos\meshtexture\meshtexture\debug\meshtexture.tlog\link.read.1.tlog
c:\users\user\source\repos\meshtexture\meshtexture\debug\meshtexture.tlog\link.write.1.tlog
