  latestbg.cpp
C:\Users\USER\source\repos\meshtexture\meshtexture\latestbg.cpp(110,27): warning C4305: 'argument': truncation from 'double' to 'GLfloat'
C:\Users\USER\source\repos\meshtexture\meshtexture\latestbg.cpp(118,27): warning C4305: 'argument': truncation from 'double' to 'GLfloat'
C:\Users\USER\source\repos\meshtexture\meshtexture\latestbg.cpp(127,27): warning C4305: 'argument': truncation from 'double' to 'GLfloat'
C:\Users\USER\source\repos\meshtexture\meshtexture\latestbg.cpp(136,28): warning C4305: 'argument': truncation from 'double' to 'GLfloat'
C:\Users\USER\source\repos\meshtexture\meshtexture\latestbg.cpp(144,27): warning C4305: 'argument': truncation from 'double' to 'GLfloat'
C:\Users\USER\source\repos\meshtexture\meshtexture\latestbg.cpp(152,27): warning C4305: 'argument': truncation from 'double' to 'GLfloat'
C:\Users\USER\source\repos\meshtexture\meshtexture\latestbg.cpp(163,27): warning C4305: 'argument': truncation from 'double' to 'GLfloat'
C:\Users\USER\source\repos\meshtexture\meshtexture\latestbg.cpp(171,27): warning C4305: 'argument': truncation from 'double' to 'GLfloat'
C:\Users\USER\source\repos\meshtexture\meshtexture\latestbg.cpp(179,27): warning C4305: 'argument': truncation from 'double' to 'GLfloat'
C:\Users\USER\source\repos\meshtexture\meshtexture\latestbg.cpp(187,27): warning C4305: 'argument': truncation from 'double' to 'GLfloat'
C:\Users\USER\source\repos\meshtexture\meshtexture\latestbg.cpp(197,27): warning C4305: 'argument': truncation from 'double' to 'GLfloat'
C:\Users\USER\source\repos\meshtexture\meshtexture\latestbg.cpp(211,20): warning C4305: 'argument': truncation from 'double' to 'float'
C:\Users\USER\source\repos\meshtexture\meshtexture\latestbg.cpp(212,20): warning C4305: 'argument': truncation from 'double' to 'float'
C:\Users\USER\source\repos\meshtexture\meshtexture\latestbg.cpp(213,21): warning C4305: 'argument': truncation from 'double' to 'float'
C:\Users\USER\source\repos\meshtexture\meshtexture\latestbg.cpp(214,21): warning C4305: 'argument': truncation from 'double' to 'float'
C:\Users\USER\source\repos\meshtexture\meshtexture\latestbg.cpp(215,21): warning C4305: 'argument': truncation from 'double' to 'float'
C:\Users\USER\source\repos\meshtexture\meshtexture\latestbg.cpp(216,21): warning C4305: 'argument': truncation from 'double' to 'float'
C:\Users\USER\source\repos\meshtexture\meshtexture\latestbg.cpp(217,22): warning C4305: 'argument': truncation from 'double' to 'float'
C:\Users\USER\source\repos\meshtexture\meshtexture\latestbg.cpp(218,22): warning C4305: 'argument': truncation from 'double' to 'float'
C:\Users\USER\source\repos\meshtexture\meshtexture\latestbg.cpp(219,21): warning C4305: 'argument': truncation from 'double' to 'float'
C:\Users\USER\source\repos\meshtexture\meshtexture\latestbg.cpp(220,21): warning C4305: 'argument': truncation from 'double' to 'float'
C:\Users\USER\source\repos\meshtexture\meshtexture\latestbg.cpp(221,21): warning C4305: 'argument': truncation from 'double' to 'float'
C:\Users\USER\source\repos\meshtexture\meshtexture\latestbg.cpp(222,21): warning C4305: 'argument': truncation from 'double' to 'float'
C:\Users\USER\source\repos\meshtexture\meshtexture\latestbg.cpp(223,21): warning C4305: 'argument': truncation from 'double' to 'float'
C:\Users\USER\source\repos\meshtexture\meshtexture\latestbg.cpp(224,21): warning C4305: 'argument': truncation from 'double' to 'float'
C:\Users\USER\source\repos\meshtexture\meshtexture\latestbg.cpp(225,21): warning C4305: 'argument': truncation from 'double' to 'float'
C:\Users\USER\source\repos\meshtexture\meshtexture\latestbg.cpp(226,21): warning C4305: 'argument': truncation from 'double' to 'float'
C:\Users\USER\source\repos\meshtexture\meshtexture\latestbg.cpp(227,20): warning C4305: 'argument': truncation from 'double' to 'float'
C:\Users\USER\source\repos\meshtexture\meshtexture\latestbg.cpp(228,20): warning C4305: 'argument': truncation from 'double' to 'float'
C:\Users\USER\source\repos\meshtexture\meshtexture\latestbg.cpp(229,20): warning C4305: 'argument': truncation from 'double' to 'float'
C:\Users\USER\source\repos\meshtexture\meshtexture\latestbg.cpp(230,20): warning C4305: 'argument': truncation from 'double' to 'float'
C:\Users\USER\source\repos\meshtexture\meshtexture\latestbg.cpp(231,21): warning C4305: 'argument': truncation from 'double' to 'float'
C:\Users\USER\source\repos\meshtexture\meshtexture\latestbg.cpp(232,21): warning C4305: 'argument': truncation from 'double' to 'float'
C:\Users\USER\source\repos\meshtexture\meshtexture\latestbg.cpp(233,20): warning C4305: 'argument': truncation from 'double' to 'float'
C:\Users\USER\source\repos\meshtexture\meshtexture\latestbg.cpp(234,20): warning C4305: 'argument': truncation from 'double' to 'float'
C:\Users\USER\source\repos\meshtexture\meshtexture\latestbg.cpp(235,20): warning C4305: 'argument': truncation from 'double' to 'float'
C:\Users\USER\source\repos\meshtexture\meshtexture\latestbg.cpp(236,20): warning C4305: 'argument': truncation from 'double' to 'float'
C:\Users\USER\source\repos\meshtexture\meshtexture\latestbg.cpp(238,21): warning C4305: 'argument': truncation from 'double' to 'float'
C:\Users\USER\source\repos\meshtexture\meshtexture\latestbg.cpp(239,21): warning C4305: 'argument': truncation from 'double' to 'float'
C:\Users\USER\source\repos\meshtexture\meshtexture\latestbg.cpp(243,20): warning C4305: 'argument': truncation from 'double' to 'float'
C:\Users\USER\source\repos\meshtexture\meshtexture\latestbg.cpp(244,20): warning C4305: 'argument': truncation from 'double' to 'float'
C:\Users\USER\source\repos\meshtexture\meshtexture\latestbg.cpp(245,20): warning C4305: 'argument': truncation from 'double' to 'float'
C:\Users\USER\source\repos\meshtexture\meshtexture\latestbg.cpp(246,20): warning C4305: 'argument': truncation from 'double' to 'float'
C:\Users\USER\source\repos\meshtexture\meshtexture\latestbg.cpp(247,20): warning C4305: 'argument': truncation from 'double' to 'float'
C:\Users\USER\source\repos\meshtexture\meshtexture\latestbg.cpp(248,21): warning C4305: 'argument': truncation from 'double' to 'float'
C:\Users\USER\source\repos\meshtexture\meshtexture\latestbg.cpp(249,21): warning C4305: 'argument': truncation from 'double' to 'float'
C:\Users\USER\source\repos\meshtexture\meshtexture\latestbg.cpp(250,21): warning C4305: 'argument': truncation from 'double' to 'float'
C:\Users\USER\source\repos\meshtexture\meshtexture\latestbg.cpp(252,21): warning C4305: 'argument': truncation from 'double' to 'float'
C:\Users\USER\source\repos\meshtexture\meshtexture\latestbg.cpp(253,20): warning C4305: 'argument': truncation from 'double' to 'float'
C:\Users\USER\source\repos\meshtexture\meshtexture\latestbg.cpp(254,20): warning C4305: 'argument': truncation from 'double' to 'float'
C:\Users\USER\source\repos\meshtexture\meshtexture\latestbg.cpp(255,20): warning C4305: 'argument': truncation from 'double' to 'float'
C:\Users\USER\source\repos\meshtexture\meshtexture\latestbg.cpp(256,20): warning C4305: 'argument': truncation from 'double' to 'float'
C:\Users\USER\source\repos\meshtexture\meshtexture\latestbg.cpp(263,20): warning C4305: 'argument': truncation from 'double' to 'float'
C:\Users\USER\source\repos\meshtexture\meshtexture\latestbg.cpp(264,20): warning C4305: 'argument': truncation from 'double' to 'float'
C:\Users\USER\source\repos\meshtexture\meshtexture\latestbg.cpp(265,19): warning C4305: 'argument': truncation from 'double' to 'float'
C:\Users\USER\source\repos\meshtexture\meshtexture\latestbg.cpp(266,19): warning C4305: 'argument': truncation from 'double' to 'float'
C:\Users\USER\source\repos\meshtexture\meshtexture\latestbg.cpp(267,19): warning C4305: 'argument': truncation from 'double' to 'float'
C:\Users\USER\source\repos\meshtexture\meshtexture\latestbg.cpp(268,19): warning C4305: 'argument': truncation from 'double' to 'float'
C:\Users\USER\source\repos\meshtexture\meshtexture\latestbg.cpp(270,19): warning C4305: 'argument': truncation from 'double' to 'float'
C:\Users\USER\source\repos\meshtexture\meshtexture\latestbg.cpp(271,19): warning C4305: 'argument': truncation from 'double' to 'float'
C:\Users\USER\source\repos\meshtexture\meshtexture\latestbg.cpp(273,20): warning C4305: 'argument': truncation from 'double' to 'float'
C:\Users\USER\source\repos\meshtexture\meshtexture\latestbg.cpp(274,20): warning C4305: 'argument': truncation from 'double' to 'float'
C:\Users\USER\source\repos\meshtexture\meshtexture\latestbg.cpp(275,19): warning C4305: 'argument': truncation from 'double' to 'float'
C:\Users\USER\source\repos\meshtexture\meshtexture\latestbg.cpp(276,20): warning C4305: 'argument': truncation from 'double' to 'float'
C:\Users\USER\source\repos\meshtexture\meshtexture\latestbg.cpp(277,19): warning C4305: 'argument': truncation from 'double' to 'float'
C:\Users\USER\source\repos\meshtexture\meshtexture\latestbg.cpp(279,20): warning C4305: 'argument': truncation from 'double' to 'float'
C:\Users\USER\source\repos\meshtexture\meshtexture\latestbg.cpp(280,20): warning C4305: 'argument': truncation from 'double' to 'float'
C:\Users\USER\source\repos\meshtexture\meshtexture\latestbg.cpp(281,20): warning C4305: 'argument': truncation from 'double' to 'float'
C:\Users\USER\source\repos\meshtexture\meshtexture\latestbg.cpp(282,21): warning C4305: 'argument': truncation from 'double' to 'float'
C:\Users\USER\source\repos\meshtexture\meshtexture\latestbg.cpp(283,21): warning C4305: 'argument': truncation from 'double' to 'float'
C:\Users\USER\source\repos\meshtexture\meshtexture\latestbg.cpp(286,20): warning C4305: 'argument': truncation from 'double' to 'float'
C:\Users\USER\source\repos\meshtexture\meshtexture\latestbg.cpp(287,20): warning C4305: 'argument': truncation from 'double' to 'float'
C:\Users\USER\source\repos\meshtexture\meshtexture\latestbg.cpp(289,20): warning C4305: 'argument': truncation from 'double' to 'float'
C:\Users\USER\source\repos\meshtexture\meshtexture\latestbg.cpp(290,21): warning C4305: 'argument': truncation from 'double' to 'float'
C:\Users\USER\source\repos\meshtexture\meshtexture\latestbg.cpp(291,21): warning C4305: 'argument': truncation from 'double' to 'float'
C:\Users\USER\source\repos\meshtexture\meshtexture\latestbg.cpp(293,21): warning C4305: 'argument': truncation from 'double' to 'float'
C:\Users\USER\source\repos\meshtexture\meshtexture\latestbg.cpp(294,21): warning C4305: 'argument': truncation from 'double' to 'float'
C:\Users\USER\source\repos\meshtexture\meshtexture\latestbg.cpp(295,20): warning C4305: 'argument': truncation from 'double' to 'float'
C:\Users\USER\source\repos\meshtexture\meshtexture\latestbg.cpp(296,21): warning C4305: 'argument': truncation from 'double' to 'float'
C:\Users\USER\source\repos\meshtexture\meshtexture\latestbg.cpp(297,20): warning C4305: 'argument': truncation from 'double' to 'float'
C:\Users\USER\source\repos\meshtexture\meshtexture\latestbg.cpp(300,22): warning C4305: 'argument': truncation from 'double' to 'float'
C:\Users\USER\source\repos\meshtexture\meshtexture\latestbg.cpp(301,21): warning C4305: 'argument': truncation from 'double' to 'float'
C:\Users\USER\source\repos\meshtexture\meshtexture\latestbg.cpp(302,21): warning C4305: 'argument': truncation from 'double' to 'float'
C:\Users\USER\source\repos\meshtexture\meshtexture\latestbg.cpp(303,22): warning C4305: 'argument': truncation from 'double' to 'float'
C:\Users\USER\source\repos\meshtexture\meshtexture\latestbg.cpp(305,21): warning C4305: 'argument': truncation from 'double' to 'float'
C:\Users\USER\source\repos\meshtexture\meshtexture\latestbg.cpp(306,21): warning C4305: 'argument': truncation from 'double' to 'float'
C:\Users\USER\source\repos\meshtexture\meshtexture\latestbg.cpp(307,20): warning C4305: 'argument': truncation from 'double' to 'float'
C:\Users\USER\source\repos\meshtexture\meshtexture\latestbg.cpp(308,20): warning C4305: 'argument': truncation from 'double' to 'float'
C:\Users\USER\source\repos\meshtexture\meshtexture\latestbg.cpp(310,22): warning C4305: 'argument': truncation from 'double' to 'float'
C:\Users\USER\source\repos\meshtexture\meshtexture\latestbg.cpp(311,22): warning C4305: 'argument': truncation from 'double' to 'float'
C:\Users\USER\source\repos\meshtexture\meshtexture\latestbg.cpp(313,22): warning C4305: 'argument': truncation from 'double' to 'float'
C:\Users\USER\source\repos\meshtexture\meshtexture\latestbg.cpp(315,21): warning C4305: 'argument': truncation from 'double' to 'float'
C:\Users\USER\source\repos\meshtexture\meshtexture\latestbg.cpp(316,21): warning C4305: 'argument': truncation from 'double' to 'float'
C:\Users\USER\source\repos\meshtexture\meshtexture\latestbg.cpp(317,21): warning C4305: 'argument': truncation from 'double' to 'float'
C:\Users\USER\source\repos\meshtexture\meshtexture\latestbg.cpp(318,21): warning C4305: 'argument': truncation from 'double' to 'float'
C:\Users\USER\source\repos\meshtexture\meshtexture\latestbg.cpp(319,22): warning C4305: 'argument': truncation from 'double' to 'float'
C:\Users\USER\source\repos\meshtexture\meshtexture\latestbg.cpp(320,22): warning C4305: 'argument': truncation from 'double' to 'float'
C:\Users\USER\source\repos\meshtexture\meshtexture\latestbg.cpp(321,22): warning C4305: 'argument': truncation from 'double' to 'float'
C:\Users\USER\source\repos\meshtexture\meshtexture\latestbg.cpp(323,21): warning C4305: 'argument': truncation from 'double' to 'float'
C:\Users\USER\source\repos\meshtexture\meshtexture\latestbg.cpp(324,21): warning C4305: 'argument': truncation from 'double' to 'float'
C:\Users\USER\source\repos\meshtexture\meshtexture\latestbg.cpp(325,21): warning C4305: 'argument': truncation from 'double' to 'float'
C:\Users\USER\source\repos\meshtexture\meshtexture\latestbg.cpp(326,21): warning C4305: 'argument': truncation from 'double' to 'float'
C:\Users\USER\source\repos\meshtexture\meshtexture\latestbg.cpp(328,21): warning C4305: 'argument': truncation from 'double' to 'float'
C:\Users\USER\source\repos\meshtexture\meshtexture\latestbg.cpp(329,22): warning C4305: 'argument': truncation from 'double' to 'float'
C:\Users\USER\source\repos\meshtexture\meshtexture\latestbg.cpp(330,22): warning C4305: 'argument': truncation from 'double' to 'float'
C:\Users\USER\source\repos\meshtexture\meshtexture\latestbg.cpp(331,22): warning C4305: 'argument': truncation from 'double' to 'float'
C:\Users\USER\source\repos\meshtexture\meshtexture\latestbg.cpp(332,23): warning C4305: 'argument': truncation from 'double' to 'float'
C:\Users\USER\source\repos\meshtexture\meshtexture\latestbg.cpp(333,23): warning C4305: 'argument': truncation from 'double' to 'float'
C:\Users\USER\source\repos\meshtexture\meshtexture\latestbg.cpp(334,23): warning C4305: 'argument': truncation from 'double' to 'float'
C:\Users\USER\source\repos\meshtexture\meshtexture\latestbg.cpp(335,23): warning C4305: 'argument': truncation from 'double' to 'float'
C:\Users\USER\source\repos\meshtexture\meshtexture\latestbg.cpp(338,22): warning C4305: 'argument': truncation from 'double' to 'float'
C:\Users\USER\source\repos\meshtexture\meshtexture\latestbg.cpp(339,22): warning C4305: 'argument': truncation from 'double' to 'float'
C:\Users\USER\source\repos\meshtexture\meshtexture\latestbg.cpp(340,22): warning C4305: 'argument': truncation from 'double' to 'float'
C:\Users\USER\source\repos\meshtexture\meshtexture\latestbg.cpp(341,22): warning C4305: 'argument': truncation from 'double' to 'float'
C:\Users\USER\source\repos\meshtexture\meshtexture\latestbg.cpp(342,23): warning C4305: 'argument': truncation from 'double' to 'float'
C:\Users\USER\source\repos\meshtexture\meshtexture\latestbg.cpp(343,23): warning C4305: 'argument': truncation from 'double' to 'float'
C:\Users\USER\source\repos\meshtexture\meshtexture\latestbg.cpp(345,20): warning C4305: 'argument': truncation from 'double' to 'float'
C:\Users\USER\source\repos\meshtexture\meshtexture\latestbg.cpp(346,21): warning C4305: 'argument': truncation from 'double' to 'float'
C:\Users\USER\source\repos\meshtexture\meshtexture\latestbg.cpp(347,21): warning C4305: 'argument': truncation from 'double' to 'float'
C:\Users\USER\source\repos\meshtexture\meshtexture\latestbg.cpp(348,21): warning C4305: 'argument': truncation from 'double' to 'float'
C:\Users\USER\source\repos\meshtexture\meshtexture\latestbg.cpp(349,22): warning C4305: 'argument': truncation from 'double' to 'float'
C:\Users\USER\source\repos\meshtexture\meshtexture\latestbg.cpp(350,22): warning C4305: 'argument': truncation from 'double' to 'float'
C:\Users\USER\source\repos\meshtexture\meshtexture\latestbg.cpp(351,22): warning C4305: 'argument': truncation from 'double' to 'float'
C:\Users\USER\source\repos\meshtexture\meshtexture\latestbg.cpp(354,23): warning C4305: 'argument': truncation from 'double' to 'float'
C:\Users\USER\source\repos\meshtexture\meshtexture\latestbg.cpp(355,22): warning C4305: 'argument': truncation from 'double' to 'float'
C:\Users\USER\source\repos\meshtexture\meshtexture\latestbg.cpp(356,22): warning C4305: 'argument': truncation from 'double' to 'float'
C:\Users\USER\source\repos\meshtexture\meshtexture\latestbg.cpp(357,22): warning C4305: 'argument': truncation from 'double' to 'float'
C:\Users\USER\source\repos\meshtexture\meshtexture\latestbg.cpp(358,20): warning C4305: 'argument': truncation from 'double' to 'float'
C:\Users\USER\source\repos\meshtexture\meshtexture\latestbg.cpp(359,21): warning C4305: 'argument': truncation from 'double' to 'float'
C:\Users\USER\source\repos\meshtexture\meshtexture\latestbg.cpp(360,21): warning C4305: 'argument': truncation from 'double' to 'float'
C:\Users\USER\source\repos\meshtexture\meshtexture\latestbg.cpp(361,21): warning C4305: 'argument': truncation from 'double' to 'float'
C:\Users\USER\source\repos\meshtexture\meshtexture\latestbg.cpp(362,22): warning C4305: 'argument': truncation from 'double' to 'float'
C:\Users\USER\source\repos\meshtexture\meshtexture\latestbg.cpp(363,22): warning C4305: 'argument': truncation from 'double' to 'float'
C:\Users\USER\source\repos\meshtexture\meshtexture\latestbg.cpp(364,22): warning C4305: 'argument': truncation from 'double' to 'float'
C:\Users\USER\source\repos\meshtexture\meshtexture\latestbg.cpp(366,23): warning C4305: 'argument': truncation from 'double' to 'float'
C:\Users\USER\source\repos\meshtexture\meshtexture\latestbg.cpp(367,23): warning C4305: 'argument': truncation from 'double' to 'float'
C:\Users\USER\source\repos\meshtexture\meshtexture\latestbg.cpp(368,23): warning C4305: 'argument': truncation from 'double' to 'float'
C:\Users\USER\source\repos\meshtexture\meshtexture\latestbg.cpp(369,23): warning C4305: 'argument': truncation from 'double' to 'float'
C:\Users\USER\source\repos\meshtexture\meshtexture\latestbg.cpp(372,21): warning C4305: 'argument': truncation from 'double' to 'float'
C:\Users\USER\source\repos\meshtexture\meshtexture\latestbg.cpp(373,21): warning C4305: 'argument': truncation from 'double' to 'float'
C:\Users\USER\source\repos\meshtexture\meshtexture\latestbg.cpp(375,19): warning C4305: 'argument': truncation from 'double' to 'float'
C:\Users\USER\source\repos\meshtexture\meshtexture\latestbg.cpp(376,19): warning C4305: 'argument': truncation from 'double' to 'float'
C:\Users\USER\source\repos\meshtexture\meshtexture\latestbg.cpp(384,51): warning C4244: '=': conversion from 'double' to 'float', possible loss of data
C:\Users\USER\source\repos\meshtexture\meshtexture\latestbg.cpp(385,51): warning C4244: '=': conversion from 'double' to 'float', possible loss of data
C:\Users\USER\source\repos\meshtexture\meshtexture\latestbg.cpp(418,21): warning C4305: 'argument': truncation from 'double' to 'GLfloat'
C:\Users\USER\source\repos\meshtexture\meshtexture\latestbg.cpp(433,26): warning C4305: 'argument': truncation from 'double' to 'GLfloat'
C:\Users\USER\source\repos\meshtexture\meshtexture\latestbg.cpp(442,26): warning C4305: 'argument': truncation from 'double' to 'GLfloat'
C:\Users\USER\source\repos\meshtexture\meshtexture\latestbg.cpp(450,26): warning C4305: 'argument': truncation from 'double' to 'GLfloat'
C:\Users\USER\source\repos\meshtexture\meshtexture\latestbg.cpp(459,26): warning C4305: 'argument': truncation from 'double' to 'GLfloat'
C:\Users\USER\source\repos\meshtexture\meshtexture\latestbg.cpp(477,25): warning C4305: 'argument': truncation from 'double' to 'GLfloat'
C:\Users\USER\source\repos\meshtexture\meshtexture\latestbg.cpp(483,23): warning C4305: 'argument': truncation from 'double' to 'GLfloat'
C:\Users\USER\source\repos\meshtexture\meshtexture\latestbg.cpp(489,23): warning C4305: 'argument': truncation from 'double' to 'GLfloat'
C:\Users\USER\source\repos\meshtexture\meshtexture\latestbg.cpp(502,25): warning C4305: 'argument': truncation from 'double' to 'GLfloat'
C:\Users\USER\source\repos\meshtexture\meshtexture\latestbg.cpp(504,25): warning C4305: 'argument': truncation from 'double' to 'GLfloat'
C:\Users\USER\source\repos\meshtexture\meshtexture\latestbg.cpp(506,25): warning C4305: 'argument': truncation from 'double' to 'GLfloat'
C:\Users\USER\source\repos\meshtexture\meshtexture\latestbg.cpp(508,25): warning C4305: 'argument': truncation from 'double' to 'GLfloat'
C:\Users\USER\source\repos\meshtexture\meshtexture\latestbg.cpp(513,27): warning C4305: 'argument': truncation from 'double' to 'GLfloat'
C:\Users\USER\source\repos\meshtexture\meshtexture\latestbg.cpp(564,22): warning C4244: 'argument': conversion from 'double' to 'GLfloat', possible loss of data
C:\Users\USER\source\repos\meshtexture\meshtexture\latestbg.cpp(568,22): warning C4244: 'argument': conversion from 'double' to 'GLfloat', possible loss of data
C:\Users\USER\source\repos\meshtexture\meshtexture\latestbg.cpp(572,22): warning C4244: 'argument': conversion from 'double' to 'GLfloat', possible loss of data
C:\Users\USER\source\repos\meshtexture\meshtexture\latestbg.cpp(576,22): warning C4244: 'argument': conversion from 'double' to 'GLfloat', possible loss of data
  meshtexture.vcxproj -> C:\Users\USER\source\repos\meshtexture\Debug\meshtexture.exe
